#
# A fatal error has been detected by the Java Runtime Environment:
#
#  Internal Error (javaCalls.cpp:53), pid=2104, tid=7136
#  guarantee(!thread->is_Compiler_thread()) failed: cannot make java calls from the compiler
#
# JRE version: Java(TM) SE Runtime Environment (8.0_05-b13) (build 1.8.0_05-b13)
# Java VM: Java HotSpot(TM) Client VM (25.5-b02 mixed mode windows-x86 )
# Failed to write core dump. Minidumps are not enabled by default on client versions of Windows
#
# If you would like to submit a bug report, please visit:
#   http://bugreport.sun.com/bugreport/crash.jsp
#

---------------  T H R E A D  ---------------

Current thread (0x14f22c00):  JavaThread "C1 CompilerThread0" daemon [_thread_in_vm, id=7136, stack(0x15760000,0x157b0000)]

Stack: [0x15760000,0x157b0000],  sp=0x157ae758,  free space=313k
Native frames: (J=compiled Java code, j=interpreted, Vv=VM code, C=native code)
V  [jvm.dll+0x1921e8]
V  [jvm.dll+0x18b2a5]
V  [jvm.dll+0x141d35]
V  [jvm.dll+0x14224f]
V  [jvm.dll+0x2070be]
V  [jvm.dll+0x14231e]
V  [jvm.dll+0xce717]
V  [jvm.dll+0xd6cbf]
C  [profilerinterface.dll+0x3928]
V  [jvm.dll+0x148aeb]
V  [jvm.dll+0x15e107]
V  [jvm.dll+0x15e6be]
V  [jvm.dll+0xb912d]
V  [jvm.dll+0x1a045d]
V  [jvm.dll+0x870e3]
V  [jvm.dll+0x8b420]
V  [jvm.dll+0x6d209]
V  [jvm.dll+0xaf155]
V  [jvm.dll+0x3d953]
V  [jvm.dll+0x3d9e6]
V  [jvm.dll+0x43f83]
V  [jvm.dll+0x43feb]
V  [jvm.dll+0x9f9ec]
V  [jvm.dll+0x1a066]
V  [jvm.dll+0x1a218]
V  [jvm.dll+0x1a3c6]
V  [jvm.dll+0x25fd9]
V  [jvm.dll+0x26f3ba]
V  [jvm.dll+0x275175]
V  [jvm.dll+0x276816]
V  [jvm.dll+0x27a6fd]
V  [jvm.dll+0x27a84b]
V  [jvm.dll+0x268622]
V  [jvm.dll+0x26880b]
V  [jvm.dll+0x26895a]
V  [jvm.dll+0x268ac2]
V  [jvm.dll+0x268d42]
V  [jvm.dll+0x65aba]
V  [jvm.dll+0x66179]
V  [jvm.dll+0x1645fc]
V  [jvm.dll+0x164e8a]
V  [jvm.dll+0x1a9186]
C  [msvcr100.dll+0x5c556]
C  [msvcr100.dll+0x5c600]
C  [KERNEL32.DLL+0x13744]
C  [ntdll.dll+0x59cd4]
C  [ntdll.dll+0x59c9f]


Current CompileTask:
C1:  17822  615   !         org.apache.pdfbox.pdfparser.BaseParser::parseCOSName (292 bytes)


---------------  P R O C E S S  ---------------

Java Threads: ( => current thread )
  0x16076c00 JavaThread "Thread-13" [_thread_blocked, id=2612, stack(0x1bef0000,0x1bf40000)]
  0x16076800 JavaThread "Thread-12" [_thread_blocked, id=3000, stack(0x1be60000,0x1beb0000)]
  0x14eb6400 JavaThread "Thread-11" [_thread_blocked, id=7624, stack(0x1bdd0000,0x1be20000)]
  0x14eb6000 JavaThread "Thread-10" [_thread_blocked, id=6240, stack(0x1bd40000,0x1bd90000)]
  0x14eb6c00 JavaThread "Thread-9" [_thread_blocked, id=2548, stack(0x1bcb0000,0x1bd00000)]
  0x14eb5800 JavaThread "TimerQueue" daemon [_thread_blocked, id=1208, stack(0x1bc20000,0x1bc70000)]
  0x14eb7000 JavaThread "Swing-Shell" daemon [_thread_blocked, id=8372, stack(0x1ad30000,0x1ad80000)]
  0x1622f000 JavaThread "D3D Screen Updater" daemon [_thread_blocked, id=3060, stack(0x19f80000,0x19fd0000)]
  0x0264c000 JavaThread "DestroyJavaVM" [_thread_blocked, id=3868, stack(0x024e0000,0x02530000)]
  0x1610f000 JavaThread "AWT-EventQueue-0" [_thread_blocked, id=1728, stack(0x179a0000,0x179f0000)]
  0x1609f400 JavaThread "AWT-Windows" daemon [_thread_in_native, id=2768, stack(0x16970000,0x169c0000)]
  0x1609ac00 JavaThread "AWT-Shutdown" [_thread_blocked, id=7424, stack(0x167e0000,0x16830000)]
  0x1609a400 JavaThread "Java2D Disposer" daemon [_thread_blocked, id=7708, stack(0x16750000,0x167a0000)]
  0x14e88400 JavaThread "Service Thread" daemon [_thread_blocked, id=5948, stack(0x16450000,0x164a0000)]
=>0x14f22c00 JavaThread "C1 CompilerThread0" daemon [_thread_in_vm, id=7136, stack(0x15760000,0x157b0000)]
  0x14e64400 JavaThread "*** Profiler Agent Special Execution Thread 10" daemon [_thread_blocked, id=4352, stack(0x15fc0000,0x16010000)]
  0x14e26800 JavaThread "*** Profiler Agent Special Execution Thread 6" daemon [_thread_blocked, id=2320, stack(0x155a0000,0x155f0000)]
  0x14de5800 JavaThread "*** JFluid Monitor thread ***" daemon [_thread_blocked, id=4260, stack(0x15510000,0x15560000)]
  0x14ddfc00 JavaThread "*** Profiler Agent Communication Thread" daemon [_thread_in_native, id=7472, stack(0x15480000,0x154d0000)]
  0x14d7a400 JavaThread "Attach Listener" daemon [_thread_blocked, id=8572, stack(0x151f0000,0x15240000)]
  0x14d78400 JavaThread "Signal Dispatcher" daemon [_thread_blocked, id=912, stack(0x15160000,0x151b0000)]
  0x14d46800 JavaThread "Finalizer" daemon [_thread_blocked, id=6188, stack(0x150d0000,0x15120000)]
  0x0277e000 JavaThread "Reference Handler" daemon [_thread_blocked, id=3136, stack(0x15040000,0x15090000)]

Other Threads:
  0x0277a800 VMThread [stack: 0x14cf0000,0x14d40000] [id=5316]
  0x14f3d000 WatcherThread [stack: 0x164e0000,0x16530000] [id=8944]

VM state:synchronizing (normal execution)

VM Mutex/Monitor currently owned by a thread:  ([mutex/lock_event])
[0x0264a710] Threads_lock - owner thread: 0x0277a800
[0x0264b7a8] Heap_lock - owner thread: 0x14de5800

Heap:
 def new generation   total 4928K, used 4928K [0x04800000, 0x04d50000, 0x09d50000)
  eden space 4416K, 100% used [0x04800000, 0x04c50000, 0x04c50000)
  from space 512K, 100% used [0x04cd0000, 0x04d50000, 0x04d50000)
  to   space 512K,   0% used [0x04c50000, 0x04c50000, 0x04cd0000)
 tenured generation   total 10944K, used 5623K [0x09d50000, 0x0a800000, 0x14800000)
   the space 10944K,  51% used [0x09d50000, 0x0a2cdc48, 0x0a2cde00, 0x0a800000)
 Metaspace       used 11327K, capacity 11442K, committed 11520K, reserved 11648K

Card table byte_map: [0x14800000,0x14890000] byte_map_base: 0x147dc000

Polling page: 0x02530000

CodeCache: size=32768Kb used=1462Kb max_used=1462Kb free=31305Kb
 bounds [0x02780000, 0x028f0000, 0x04780000]
 total_blobs=892 nmethods=614 adapters=209
 compilation: enabled

Compilation events (10 events):
Event: 17.758 Thread 0x14f22c00 nmethod 610 0x028ebd88 code [0x028ebe80, 0x028ebf00]
Event: 17.758 Thread 0x14f22c00  611             org.apache.pdfbox.pdfparser.BaseParser::isEndOfName (77 bytes)
Event: 17.759 Thread 0x14f22c00 nmethod 611 0x028ebf48 code [0x028ec040, 0x028ec140]
Event: 17.759 Thread 0x14f22c00  612             java.lang.String::toLowerCase (8 bytes)
Event: 17.759 Thread 0x14f22c00 nmethod 612 0x028ec188 code [0x028ec290, 0x028ec32c]
Event: 17.759 Thread 0x14f22c00  613             org.apache.pdfbox.cos.COSInteger::get (61 bytes)
Event: 17.759 Thread 0x14f22c00 nmethod 613 0x028ec388 code [0x028ec4a0, 0x028ec6d0]
Event: 17.759 Thread 0x14f22c00  614   !         org.apache.pdfbox.cos.COSNumber::get (168 bytes)
Event: 17.760 Thread 0x14f22c00 nmethod 614 0x028ec888 code [0x028ecac0, 0x028ed230]
Event: 17.760 Thread 0x14f22c00  615   !         org.apache.pdfbox.pdfparser.BaseParser::parseCOSName (292 bytes)

GC Heap History (10 events):
Event: 1.385 GC heap before
{Heap before GC invocations=0 (full 0):
 def new generation   total 4928K, used 4416K [0x04800000, 0x04d50000, 0x09d50000)
  eden space 4416K, 100% used [0x04800000, 0x04c50000, 0x04c50000)
  from space 512K,   0% used [0x04c50000, 0x04c50000, 0x04cd0000)
  to   space 512K,   0% used [0x04cd0000, 0x04cd0000, 0x04d50000)
 tenured generation   total 10944K, used 0K [0x09d50000, 0x0a800000, 0x14800000)
   the space 10944K,   0% used [0x09d50000, 0x09d50000, 0x09d50200, 0x0a800000)
 Metaspace       used 3966K, capacity 3972K, committed 4032K, reserved 4480K
Event: 1.392 GC heap after
Heap after GC invocations=1 (full 0):
 def new generation   total 4928K, used 512K [0x04800000, 0x04d50000, 0x09d50000)
  eden space 4416K,   0% used [0x04800000, 0x04800000, 0x04c50000)
  from space 512K, 100% used [0x04cd0000, 0x04d50000, 0x04d50000)
  to   space 512K,   0% used [0x04c50000, 0x04c50000, 0x04cd0000)
 tenured generation   total 10944K, used 1700K [0x09d50000, 0x0a800000, 0x14800000)
   the space 10944K,  15% used [0x09d50000, 0x09ef9200, 0x09ef9200, 0x0a800000)
 Metaspace       used 3966K, capacity 3972K, committed 4032K, reserved 4480K
}
Event: 5.714 GC heap before
{Heap before GC invocations=1 (full 0):
 def new generation   total 4928K, used 4928K [0x04800000, 0x04d50000, 0x09d50000)
  eden space 4416K, 100% used [0x04800000, 0x04c50000, 0x04c50000)
  from space 512K, 100% used [0x04cd0000, 0x04d50000, 0x04d50000)
  to   space 512K,   0% used [0x04c50000, 0x04c50000, 0x04cd0000)
 tenured generation   total 10944K, used 1700K [0x09d50000, 0x0a800000, 0x14800000)
   the space 10944K,  15% used [0x09d50000, 0x09ef9200, 0x09ef9200, 0x0a800000)
 Metaspace       used 9074K, capacity 9183K, committed 9216K, reserved 9600K
Event: 5.725 GC heap after
Heap after GC invocations=2 (full 0):
 def new generation   total 4928K, used 512K [0x04800000, 0x04d50000, 0x09d50000)
  eden space 4416K,   0% used [0x04800000, 0x04800000, 0x04c50000)
  from space 512K, 100% used [0x04c50000, 0x04cd0000, 0x04cd0000)
  to   space 512K,   0% used [0x04cd0000, 0x04cd0000, 0x04d50000)
 tenured generation   total 10944K, used 2956K [0x09d50000, 0x0a800000, 0x14800000)
   the space 10944K,  27% used [0x09d50000, 0x0a033088, 0x0a033200, 0x0a800000)
 Metaspace       used 9074K, capacity 9183K, committed 9216K, reserved 9600K
}
Event: 14.029 GC heap before
{Heap before GC invocations=2 (full 0):
 def new generation   total 4928K, used 4928K [0x04800000, 0x04d50000, 0x09d50000)
  eden space 4416K, 100% used [0x04800000, 0x04c50000, 0x04c50000)
  from space 512K, 100% used [0x04c50000, 0x04cd0000, 0x04cd0000)
  to   space 512K,   0% used [0x04cd0000, 0x04cd0000, 0x04d50000)
 tenured generation   total 10944K, used 2956K [0x09d50000, 0x0a800000, 0x14800000)
   the space 10944K,  27% used [0x09d50000, 0x0a033088, 0x0a033200, 0x0a800000)
 Metaspace       used 10296K, capacity 10412K, committed 10496K, reserved 10624K
Event: 14.035 GC heap after
Heap after GC invocations=3 (full 0):
 def new generation   total 4928K, used 512K [0x04800000, 0x04d50000, 0x09d50000)
  eden space 4416K,   0% used [0x04800000, 0x04800000, 0x04c50000)
  from space 512K, 100% used [0x04cd0000, 0x04d50000, 0x04d50000)
  to   space 512K,   0% used [0x04c50000, 0x04c50000, 0x04cd0000)
 tenured generation   total 10944K, used 3555K [0x09d50000, 0x0a800000, 0x14800000)
   the space 10944K,  32% used [0x09d50000, 0x0a0c8d68, 0x0a0c8e00, 0x0a800000)
 Metaspace       used 10296K, capacity 10412K, committed 10496K, reserved 10624K
}
Event: 17.637 GC heap before
{Heap before GC invocations=3 (full 0):
 def new generation   total 4928K, used 4922K [0x04800000, 0x04d50000, 0x09d50000)
  eden space 4416K,  99% used [0x04800000, 0x04c4eb40, 0x04c50000)
  from space 512K, 100% used [0x04cd0000, 0x04d50000, 0x04d50000)
  to   space 512K,   0% used [0x04c50000, 0x04c50000, 0x04cd0000)
 tenured generation   total 10944K, used 3555K [0x09d50000, 0x0a800000, 0x14800000)
   the space 10944K,  32% used [0x09d50000, 0x0a0c8d68, 0x0a0c8e00, 0x0a800000)
 Metaspace       used 11031K, capacity 11154K, committed 11264K, reserved 11648K
Event: 17.642 GC heap after
Heap after GC invocations=4 (full 0):
 def new generation   total 4928K, used 512K [0x04800000, 0x04d50000, 0x09d50000)
  eden space 4416K,   0% used [0x04800000, 0x04800000, 0x04c50000)
  from space 512K, 100% used [0x04c50000, 0x04cd0000, 0x04cd0000)
  to   space 512K,   0% used [0x04cd0000, 0x04cd0000, 0x04d50000)
 tenured generation   total 10944K, used 4244K [0x09d50000, 0x0a800000, 0x14800000)
   the space 10944K,  38% used [0x09d50000, 0x0a175118, 0x0a175200, 0x0a800000)
 Metaspace       used 11031K, capacity 11154K, committed 11264K, reserved 11648K
}
Event: 17.760 GC heap before
{Heap before GC invocations=4 (full 0):
 def new generation   total 4928K, used 4913K [0x04800000, 0x04d50000, 0x09d50000)
  eden space 4416K,  99% used [0x04800000, 0x04c4c7f8, 0x04c50000)
  from space 512K, 100% used [0x04c50000, 0x04cd0000, 0x04cd0000)
  to   space 512K,   0% used [0x04cd0000, 0x04cd0000, 0x04d50000)
 tenured generation   total 10944K, used 4244K [0x09d50000, 0x0a800000, 0x14800000)
   the space 10944K,  38% used [0x09d50000, 0x0a175118, 0x0a175200, 0x0a800000)
 Metaspace       used 11326K, capacity 11410K, committed 11520K, reserved 11648K
Event: 17.768 GC heap after
Heap after GC invocations=5 (full 0):
 def new generation   total 4928K, used 512K [0x04800000, 0x04d50000, 0x09d50000)
  eden space 4416K,   0% used [0x04800000, 0x04800000, 0x04c50000)
  from space 512K, 100% used [0x04cd0000, 0x04d50000, 0x04d50000)
  to   space 512K,   0% used [0x04c50000, 0x04c50000, 0x04cd0000)
 tenured generation   total 10944K, used 5623K [0x09d50000, 0x0a800000, 0x14800000)
   the space 10944K,  51% used [0x09d50000, 0x0a2cdc48, 0x0a2cde00, 0x0a800000)
 Metaspace       used 11326K, capacity 11410K, committed 11520K, reserved 11648K
}

Deoptimization events (0 events):
No events

Internal exceptions (10 events):
Event: 17.726 Thread 0x14eb6400 Exception <a 'java/security/PrivilegedActionException'> (0x04983ac8) thrown at [D:\re\workspace\8-2-build-windows-i586-cygwin\jdk8u5\2488\hotspot\src\share\vm\prims\jvm.cpp, line 1248]
Event: 17.726 Thread 0x14eb6400 Exception <a 'java/security/PrivilegedActionException'> (0x0498be50) thrown at [D:\re\workspace\8-2-build-windows-i586-cygwin\jdk8u5\2488\hotspot\src\share\vm\prims\jvm.cpp, line 1248]
Event: 17.727 Thread 0x14eb6c00 Exception <a 'java/security/PrivilegedActionException'> (0x0498e720) thrown at [D:\re\workspace\8-2-build-windows-i586-cygwin\jdk8u5\2488\hotspot\src\share\vm\prims\jvm.cpp, line 1248]
Event: 17.728 Thread 0x14eb6c00 Exception <a 'java/security/PrivilegedActionException'> (0x04994238) thrown at [D:\re\workspace\8-2-build-windows-i586-cygwin\jdk8u5\2488\hotspot\src\share\vm\prims\jvm.cpp, line 1248]
Event: 17.731 Thread 0x14eb6c00 Exception <a 'java/security/PrivilegedActionException'> (0x049b3030) thrown at [D:\re\workspace\8-2-build-windows-i586-cygwin\jdk8u5\2488\hotspot\src\share\vm\prims\jvm.cpp, line 1248]
Event: 17.747 Thread 0x16076800 Exception <a 'java/security/PrivilegedActionException'> (0x049e7d08) thrown at [D:\re\workspace\8-2-build-windows-i586-cygwin\jdk8u5\2488\hotspot\src\share\vm\prims\jvm.cpp, line 1248]
Event: 17.748 Thread 0x16076800 Exception <a 'java/security/PrivilegedActionException'> (0x04a350d8) thrown at [D:\re\workspace\8-2-build-windows-i586-cygwin\jdk8u5\2488\hotspot\src\share\vm\prims\jvm.cpp, line 1248]
Event: 17.749 Thread 0x16076800 Exception <a 'java/security/PrivilegedActionException'> (0x04a3a030) thrown at [D:\re\workspace\8-2-build-windows-i586-cygwin\jdk8u5\2488\hotspot\src\share\vm\prims\jvm.cpp, line 1248]
Event: 17.750 Thread 0x16076800 Exception <a 'java/security/PrivilegedActionException'> (0x04a88f90) thrown at [D:\re\workspace\8-2-build-windows-i586-cygwin\jdk8u5\2488\hotspot\src\share\vm\prims\jvm.cpp, line 1248]
Event: 17.751 Thread 0x16076800 Exception <a 'java/security/PrivilegedActionException'> (0x04ac8a18) thrown at [D:\re\workspace\8-2-build-windows-i586-cygwin\jdk8u5\2488\hotspot\src\share\vm\prims\jvm.cpp, line 1248]

Events (10 events):
Event: 17.751 loading class org/apache/pdfbox/filter/FlateFilter
Event: 17.751 loading class org/apache/pdfbox/filter/FlateFilter done
Event: 17.751 loading class java/util/zip/DataFormatException
Event: 17.757 Executing VM operation: GetAllStackTraces
Event: 17.758 Executing VM operation: GetAllStackTraces done
Event: 17.760 Executing VM operation: GenCollectForAllocation
Event: 17.768 Executing VM operation: GenCollectForAllocation done
Event: 17.776 Executing VM operation: GetAllStackTraces
Event: 17.776 Executing VM operation: GetAllStackTraces done
Event: 17.777 Executing VM operation: GenCollectForAllocation


Dynamic libraries:
0x000d0000 - 0x00100000 	C:\Program Files (x86)\Java\jdk1.8.0_05\bin\java.exe
0x77280000 - 0x773f9000 	C:\WINDOWS\SYSTEM32\ntdll.dll
0x74740000 - 0x74830000 	C:\WINDOWS\SYSTEM32\KERNEL32.DLL
0x769c0000 - 0x76b36000 	C:\WINDOWS\SYSTEM32\KERNELBASE.dll
0x73580000 - 0x73611000 	C:\WINDOWS\system32\apphelp.dll
0x768f0000 - 0x7696b000 	C:\WINDOWS\SYSTEM32\ADVAPI32.dll
0x76d90000 - 0x76e4e000 	C:\WINDOWS\SYSTEM32\msvcrt.dll
0x74e10000 - 0x74e53000 	C:\WINDOWS\SYSTEM32\sechost.dll
0x77010000 - 0x770bc000 	C:\WINDOWS\SYSTEM32\RPCRT4.dll
0x74390000 - 0x743ae000 	C:\WINDOWS\SYSTEM32\SspiCli.dll
0x74380000 - 0x7438a000 	C:\WINDOWS\SYSTEM32\CRYPTBASE.dll
0x74320000 - 0x74379000 	C:\WINDOWS\SYSTEM32\bcryptPrimitives.dll
0x76b40000 - 0x76c80000 	C:\WINDOWS\SYSTEM32\USER32.dll
0x74550000 - 0x7469d000 	C:\WINDOWS\SYSTEM32\GDI32.dll
0x736a0000 - 0x738a9000 	C:\WINDOWS\WinSxS\x86_microsoft.windows.common-controls_6595b64144ccf1df_6.0.10240.16384_none_3bccb1ff6bcd1849\COMCTL32.dll
0x76d00000 - 0x76d2b000 	C:\WINDOWS\SYSTEM32\IMM32.DLL
0x76ef0000 - 0x77010000 	C:\WINDOWS\SYSTEM32\MSCTF.dll
0x6c970000 - 0x6ca2f000 	C:\Program Files (x86)\Java\jdk1.8.0_05\jre\bin\msvcr100.dll
0x6ca30000 - 0x6cdc6000 	C:\Program Files (x86)\Java\jdk1.8.0_05\jre\bin\client\jvm.dll
0x76c90000 - 0x76c96000 	C:\WINDOWS\SYSTEM32\PSAPI.DLL
0x73950000 - 0x73958000 	C:\WINDOWS\SYSTEM32\WSOCK32.dll
0x74e60000 - 0x74ebc000 	C:\WINDOWS\SYSTEM32\WS2_32.dll
0x74530000 - 0x74537000 	C:\WINDOWS\SYSTEM32\NSI.dll
0x72600000 - 0x72624000 	C:\WINDOWS\SYSTEM32\WINMM.dll
0x72080000 - 0x720a3000 	C:\WINDOWS\SYSTEM32\WINMMBASE.dll
0x74410000 - 0x74446000 	C:\WINDOWS\SYSTEM32\cfgmgr32.dll
0x71fb0000 - 0x71fd1000 	C:\WINDOWS\SYSTEM32\DEVOBJ.dll
0x725a0000 - 0x725ac000 	C:\Program Files (x86)\Java\jdk1.8.0_05\jre\bin\verify.dll
0x6c900000 - 0x6c921000 	C:\Program Files (x86)\Java\jdk1.8.0_05\jre\bin\java.dll
0x5e590000 - 0x5e59c000 	C:\Users\nugraha\AppData\Roaming\NetBeans\8.0.2\lib\deployed\jdk16\windows\profilerinterface.dll
0x6c8e0000 - 0x6c8f3000 	C:\Program Files (x86)\Java\jdk1.8.0_05\jre\bin\zip.dll
0x75040000 - 0x763fe000 	C:\WINDOWS\SYSTEM32\SHELL32.dll
0x74830000 - 0x74d0c000 	C:\WINDOWS\SYSTEM32\windows.storage.dll
0x76450000 - 0x7660a000 	C:\WINDOWS\SYSTEM32\combase.dll
0x76610000 - 0x76654000 	C:\WINDOWS\SYSTEM32\shlwapi.dll
0x76c80000 - 0x76c8c000 	C:\WINDOWS\SYSTEM32\kernel.appcore.dll
0x76860000 - 0x768ed000 	C:\WINDOWS\SYSTEM32\shcore.dll
0x76970000 - 0x769b4000 	C:\WINDOWS\SYSTEM32\powrprof.dll
0x74d10000 - 0x74d1f000 	C:\WINDOWS\SYSTEM32\profapi.dll
0x6c8c0000 - 0x6c8d4000 	C:\Program Files (x86)\Java\jdk1.8.0_05\jre\bin\net.dll
0x6f6d0000 - 0x6f71e000 	C:\WINDOWS\system32\mswsock.dll
0x6a510000 - 0x6a51a000 	C:\Program Files (x86)\Java\jdk1.8.0_05\jre\bin\management.dll
0x72590000 - 0x7259f000 	C:\Program Files (x86)\Java\jdk1.8.0_05\jre\bin\nio.dll
0x720b0000 - 0x720c3000 	C:\WINDOWS\SYSTEM32\CRYPTSP.dll
0x72d90000 - 0x72dab000 	C:\WINDOWS\SYSTEM32\bcrypt.dll
0x72040000 - 0x7206f000 	C:\WINDOWS\system32\rsaenh.dll
0x74240000 - 0x74259000 	C:\WINDOWS\SYSTEM32\USERENV.dll
0x73a10000 - 0x73a40000 	C:\WINDOWS\SYSTEM32\IPHLPAPI.DLL
0x73690000 - 0x73698000 	C:\WINDOWS\SYSTEM32\WINNSI.DLL
0x6ef30000 - 0x6ef43000 	C:\WINDOWS\SYSTEM32\dhcpcsvc6.DLL
0x70230000 - 0x70244000 	C:\WINDOWS\SYSTEM32\dhcpcsvc.DLL
0x6a9a0000 - 0x6aae5000 	C:\Program Files (x86)\Java\jdk1.8.0_05\jre\bin\awt.dll
0x76e50000 - 0x76ee2000 	C:\WINDOWS\SYSTEM32\OLEAUT32.dll
0x71530000 - 0x715a5000 	C:\WINDOWS\system32\uxtheme.dll
0x72470000 - 0x7248d000 	C:\WINDOWS\system32\dwmapi.dll
0x74d20000 - 0x74e0a000 	C:\WINDOWS\SYSTEM32\ole32.dll
0x6a870000 - 0x6a8a9000 	C:\Program Files (x86)\Java\jdk1.8.0_05\jre\bin\fontmanager.dll
0x5e3c0000 - 0x5e58c000 	C:\WINDOWS\system32\d3d9.dll
0x5e290000 - 0x5e3b5000 	C:\WINDOWS\SYSTEM32\aticfx32.dll
0x74310000 - 0x74318000 	C:\WINDOWS\SYSTEM32\VERSION.dll
0x5e270000 - 0x5e28c000 	C:\WINDOWS\SYSTEM32\atiu9pag.dll
0x5db60000 - 0x5e26c000 	C:\WINDOWS\SYSTEM32\atiumdag.dll
0x5cc50000 - 0x5d3e9000 	C:\WINDOWS\SYSTEM32\atiumdva.dll
0x767d0000 - 0x76852000 	C:\WINDOWS\SYSTEM32\clbcatq.dll
0x6d8e0000 - 0x6da51000 	C:\WINDOWS\SYSTEM32\WindowsCodecs.dll
0x6a4d0000 - 0x6a50f000 	C:\WINDOWS\system32\dataexchange.dll
0x69d80000 - 0x6a208000 	C:\WINDOWS\system32\d2d1.dll
0x6a2b0000 - 0x6a4c3000 	C:\WINDOWS\system32\d3d11.dll
0x6a210000 - 0x6a2ac000 	C:\WINDOWS\system32\dcomp.dll
0x69d00000 - 0x69d7e000 	C:\WINDOWS\system32\dxgi.dll
0x69c40000 - 0x69cfc000 	C:\WINDOWS\system32\twinapi.appcore.dll
0x6a830000 - 0x6a860000 	C:\Program Files (x86)\Java\jdk1.8.0_05\jre\bin\t2k.dll
0x69c10000 - 0x69c34000 	C:\Program Files (x86)\Java\jdk1.8.0_05\jre\bin\dcpr.dll
0x1a3e0000 - 0x1a3e7000 	C:\Program Files (x86)\Internet Download Manager\idmmkb.dll
0x729f0000 - 0x72a82000 	C:\WINDOWS\WinSxS\x86_microsoft.windows.common-controls_6595b64144ccf1df_5.82.10240.16384_none_49c02355cf03478c\comctl32.dll
0x71e30000 - 0x71f72000 	C:\WINDOWS\system32\propsys.dll
0x60450000 - 0x605ef000 	C:\WINDOWS\system32\NetworkExplorer.dll
0x605f0000 - 0x607f7000 	C:\Windows\SYSTEM32\ActXPrxy.dll
0x739c0000 - 0x739d7000 	C:\WINDOWS\SYSTEM32\MPR.dll
0x60880000 - 0x60889000 	C:\WINDOWS\System32\drprov.dll
0x715b0000 - 0x715f4000 	C:\WINDOWS\System32\WINSTA.dll
0x60860000 - 0x60872000 	C:\WINDOWS\System32\ntlanman.dll
0x60840000 - 0x6085a000 	C:\WINDOWS\System32\davclnt.dll
0x60830000 - 0x6083b000 	C:\WINDOWS\System32\DAVHLPR.dll
0x6ee10000 - 0x6ee20000 	C:\WINDOWS\System32\wkscli.dll
0x60820000 - 0x6082f000 	C:\WINDOWS\SYSTEM32\cscapi.dll
0x6ede0000 - 0x6edea000 	C:\WINDOWS\System32\netutils.dll
0x603e0000 - 0x6044f000 	C:\Windows\SYSTEM32\dlnashext.dll
0x60380000 - 0x603d5000 	C:\Windows\System32\PlayToDevice.dll
0x60800000 - 0x6081a000 	C:\Windows\System32\DevDispItemProvider.dll
0x68c00000 - 0x68c54000 	C:\WINDOWS\System32\MMDevApi.dll
0x60190000 - 0x60378000 	C:\WINDOWS\system32\wpdshext.dll
0x726e0000 - 0x7284b000 	C:\WINDOWS\WinSxS\x86_microsoft.windows.gdiplus_6595b64144ccf1df_1.1.10240.16603_none_d15a3826af6dca5f\gdiplus.dll
0x60100000 - 0x60183000 	C:\Windows\SYSTEM32\PortableDeviceApi.dll
0x770d0000 - 0x77275000 	C:\WINDOWS\SYSTEM32\SETUPAPI.dll
0x76400000 - 0x76442000 	C:\WINDOWS\SYSTEM32\WINTRUST.dll
0x74540000 - 0x7454e000 	C:\WINDOWS\SYSTEM32\MSASN1.dll
0x74ec0000 - 0x75035000 	C:\WINDOWS\SYSTEM32\CRYPT32.dll
0x600c0000 - 0x60100000 	C:\WINDOWS\system32\audiodev.dll
0x6b580000 - 0x6b7c4000 	C:\WINDOWS\system32\WMVCore.DLL
0x6b540000 - 0x6b57e000 	C:\WINDOWS\system32\WMASF.DLL
0x6b430000 - 0x6b538000 	C:\WINDOWS\system32\mfperfhelper.dll
0x600b0000 - 0x600bb000 	C:\WINDOWS\SYSTEM32\LINKINFO.dll
0x6d780000 - 0x6d8e0000 	C:\WINDOWS\SYSTEM32\urlmon.dll
0x6d4b0000 - 0x6d771000 	C:\WINDOWS\SYSTEM32\iertutil.dll
0x73d40000 - 0x73e7f000 	C:\WINDOWS\SYSTEM32\dbghelp.dll

VM Arguments:
jvm_args: -Dfile.encoding=UTF-8 -agentpath:C:/Users/nugraha/AppData/Roaming/NetBeans/8.0.2/lib/deployed/jdk16/windows/profilerinterface.dll=C:\Users\nugraha\AppData\Roaming\NetBeans\8.0.2\lib,5140,10 -XX:+HeapDumpOnOutOfMemoryError -XX:HeapDumpPath=E:\arsendi\documents\NetBeansProjects\OS\nbproject\private\profiler 
java_command: os.Main
java_class_path (initial): C:\Program Files (x86)\NetBeans 8.0.2\java\modules\ext\AbsoluteLayout.jar;E:\arsendi\documents\Mine\tika-app-1.11.jar;E:\arsendi\downloads\Compressed\stanford-postagger-2015-04-20\stanford-postagger-3.5.2.jar;C:\tools\apache-opennlp-1.6.0\lib\opennlp-tools-1.6.0.jar;C:\tools\apache-opennlp-1.6.0\lib\opennlp-uima-1.6.0.jar;E:\arsendi\documents\NetBeansProjects\OS\build\classes
Launcher Type: SUN_STANDARD

Environment Variables:
CLASSPATH=C:\tools\jasperreports-6.2.0\dist\jasperreports-6.2.0.jar;C:\tools\jasperreports-6.2.0\lib
PATH=C:\ProgramData\Oracle\Java\javapath;C:\Program Files (x86)\PC Connectivity Solution\;C:\WINDOWS\system32;C:\WINDOWS;C:\WINDOWS\System32\Wbem;C:\WINDOWS\System32\WindowsPowerShell\v1.0\;C:\Program Files (x86)\ATI Technologies\ATI.ACE\Core-Static;C:\Program Files (x86)\Skype\Phone\;C:\xampp\php;C:\ProgramData\ComposerSetup\bin;C:\Program Files (x86)\Bitvise SSH Client;C:\Program Files\R\R-3.2.2\bin\i386;
USERNAME=nugraha
OS=Windows_NT
PROCESSOR_IDENTIFIER=AMD64 Family 21 Model 16 Stepping 1, AuthenticAMD



---------------  S Y S T E M  ---------------

OS: Windows 8.1 , 64 bit Build 9600 

CPU:total 2 (2 cores per cpu, 1 threads per core) family 21 model 16 stepping 1, cmov, cx8, fxsr, mmx, sse, sse2, sse3, ssse3, sse4.1, sse4.2, popcnt, avx, aes, clmul, mmxext, 3dnowpref, lzcnt, sse4a, tsc, tscinvbit

Memory: 4k page, physical 4688140k(987992k free), swap 6285100k(884848k free)

vm_info: Java HotSpot(TM) Client VM (25.5-b02) for windows-x86 JRE (1.8.0_05-b13), built on Mar 18 2014 01:14:47 by "java_re" with MS VC++ 10.0 (VS2010)

time: Thu Feb 04 13:55:17 2016
elapsed time: 17 seconds

